goos: windows
goarch: amd64
pkg: uk.ac.bris.cs/gameoflife
cpu: AMD Ryzen 5 2600X Six-Core Processor           
BenchmarkFilter/1_workers-12         	       1	   4501400 ns/op
BenchmarkFilter/1_workers-12         	       1	    999000 ns/op
BenchmarkFilter/1_workers-12         	       1	    502500 ns/op
BenchmarkFilter/1_workers-12         	       1	   1501700 ns/op
BenchmarkFilter/1_workers-12         	       1	   1000500 ns/op
BenchmarkFilter/2_workers-12         	       1	    503500 ns/op
BenchmarkFilter/2_workers-12         	       1	    996300 ns/op
BenchmarkFilter/2_workers-12         	       1	    501200 ns/op
BenchmarkFilter/2_workers-12         	       1	   1001600 ns/op
BenchmarkFilter/2_workers-12         	       1	    999900 ns/op
BenchmarkFilter/3_workers-12         	       1	   1011100 ns/op
BenchmarkFilter/3_workers-12         	       1	    987200 ns/op
BenchmarkFilter/3_workers-12         	       1	   1004400 ns/op
BenchmarkFilter/3_workers-12         	       1	    999700 ns/op
BenchmarkFilter/3_workers-12         	       1	   1500100 ns/op
BenchmarkFilter/4_workers-12         	       1	   1000100 ns/op
BenchmarkFilter/4_workers-12         	       1	    998900 ns/op
BenchmarkFilter/4_workers-12         	       1	    998500 ns/op
BenchmarkFilter/4_workers-12         	       1	    999900 ns/op
BenchmarkFilter/4_workers-12         	       1	   1001700 ns/op
BenchmarkFilter/5_workers-12         	       1	   1000800 ns/op
BenchmarkFilter/5_workers-12         	       1	   1000400 ns/op
BenchmarkFilter/5_workers-12         	       1	    999700 ns/op
BenchmarkFilter/5_workers-12         	       1	   1501800 ns/op
BenchmarkFilter/5_workers-12         	       1	    998400 ns/op
BenchmarkFilter/6_workers-12         	       1	   1000100 ns/op
BenchmarkFilter/6_workers-12         	       1	    499100 ns/op
BenchmarkFilter/6_workers-12         	       1	   1499900 ns/op
BenchmarkFilter/6_workers-12         	       1	   1001100 ns/op
BenchmarkFilter/6_workers-12         	       1	   1500900 ns/op
BenchmarkFilter/7_workers-12         	       1	   1000500 ns/op
BenchmarkFilter/7_workers-12         	       1	   1001300 ns/op
BenchmarkFilter/7_workers-12         	       1	    499300 ns/op
BenchmarkFilter/7_workers-12         	       1	   1000300 ns/op
BenchmarkFilter/7_workers-12         	       1	    500400 ns/op
BenchmarkFilter/8_workers-12         	       1	   1002200 ns/op
BenchmarkFilter/8_workers-12         	       1	    499000 ns/op
BenchmarkFilter/8_workers-12         	       1	    496700 ns/op
BenchmarkFilter/8_workers-12         	       1	    500800 ns/op
BenchmarkFilter/8_workers-12         	       1	    499400 ns/op
BenchmarkFilter/9_workers-12         	       1	    999900 ns/op
BenchmarkFilter/9_workers-12         	       1	    500700 ns/op
BenchmarkFilter/9_workers-12         	       1	    499800 ns/op
BenchmarkFilter/9_workers-12         	       1	    999700 ns/op
BenchmarkFilter/9_workers-12         	       1	    990300 ns/op
BenchmarkFilter/10_workers-12        	       1	    500500 ns/op
BenchmarkFilter/10_workers-12        	       1	    496800 ns/op
BenchmarkFilter/10_workers-12        	       1	    999000 ns/op
BenchmarkFilter/10_workers-12        	       1	    989400 ns/op
BenchmarkFilter/10_workers-12        	       1	    500100 ns/op
BenchmarkFilter/11_workers-12        	       1	    993700 ns/op
BenchmarkFilter/11_workers-12        	       1	   1000100 ns/op
BenchmarkFilter/11_workers-12        	       1	    990500 ns/op
BenchmarkFilter/11_workers-12        	       1	    497800 ns/op
BenchmarkFilter/11_workers-12        	       1	   1000200 ns/op
BenchmarkFilter/12_workers-12        	       1	   1000000 ns/op
BenchmarkFilter/12_workers-12        	       1	    999700 ns/op
BenchmarkFilter/12_workers-12        	       1	    502700 ns/op
BenchmarkFilter/12_workers-12        	       1	    999600 ns/op
BenchmarkFilter/12_workers-12        	       1	    999800 ns/op
BenchmarkFilter/13_workers-12        	       1	   1000200 ns/op
BenchmarkFilter/13_workers-12        	       1	    999700 ns/op
BenchmarkFilter/13_workers-12        	       1	    500100 ns/op
BenchmarkFilter/13_workers-12        	       1	    500500 ns/op
BenchmarkFilter/13_workers-12        	       1	    500000 ns/op
BenchmarkFilter/14_workers-12        	       1	    499600 ns/op
BenchmarkFilter/14_workers-12        	       1	    499400 ns/op
BenchmarkFilter/14_workers-12        	       1	    999500 ns/op
BenchmarkFilter/14_workers-12        	       1	    499600 ns/op
BenchmarkFilter/14_workers-12        	       1	    999900 ns/op
BenchmarkFilter/15_workers-12        	       1	    499400 ns/op
BenchmarkFilter/15_workers-12        	       1	    498500 ns/op
BenchmarkFilter/15_workers-12        	       1	    499400 ns/op
BenchmarkFilter/15_workers-12        	       1	    999800 ns/op
BenchmarkFilter/15_workers-12        	       1	    999100 ns/op
BenchmarkFilter/16_workers-12        	       1	    998800 ns/op
BenchmarkFilter/16_workers-12        	       1	    499800 ns/op
BenchmarkFilter/16_workers-12        	       1	    999300 ns/op
BenchmarkFilter/16_workers-12        	       1	    504300 ns/op
BenchmarkFilter/16_workers-12        	       1	    499100 ns/op
BenchmarkFilter/1_workers#01-12      	       1	   3999100 ns/op
BenchmarkFilter/1_workers#01-12      	       1	   1001200 ns/op
BenchmarkFilter/1_workers#01-12      	       1	    501000 ns/op
BenchmarkFilter/1_workers#01-12      	       1	   1005600 ns/op
BenchmarkFilter/1_workers#01-12      	       1	    998100 ns/op
BenchmarkFilter/2_workers#01-12      	       1	    500100 ns/op
BenchmarkFilter/2_workers#01-12      	       1	    998900 ns/op
BenchmarkFilter/2_workers#01-12      	       1	   1001500 ns/op
BenchmarkFilter/2_workers#01-12      	       1	    499800 ns/op
BenchmarkFilter/2_workers#01-12      	       1	   1456100 ns/op
BenchmarkFilter/3_workers#01-12      	       1	    499900 ns/op
BenchmarkFilter/3_workers#01-12      	       1	    998600 ns/op
BenchmarkFilter/3_workers#01-12      	       1	    499900 ns/op
BenchmarkFilter/3_workers#01-12      	       1	    999500 ns/op
BenchmarkFilter/3_workers#01-12      	       1	   1000300 ns/op
BenchmarkFilter/4_workers#01-12      	       1	    999600 ns/op
BenchmarkFilter/4_workers#01-12      	       1	    501100 ns/op
BenchmarkFilter/4_workers#01-12      	       1	    999300 ns/op
BenchmarkFilter/4_workers#01-12      	       1	   1001500 ns/op
BenchmarkFilter/4_workers#01-12      	       1	    500000 ns/op
BenchmarkFilter/5_workers#01-12      	       1	   1001400 ns/op
BenchmarkFilter/5_workers#01-12      	       1	    499800 ns/op
BenchmarkFilter/5_workers#01-12      	       1	    998800 ns/op
BenchmarkFilter/5_workers#01-12      	       1	    500400 ns/op
BenchmarkFilter/5_workers#01-12      	       1	    985800 ns/op
BenchmarkFilter/6_workers#01-12      	       1	    999800 ns/op
BenchmarkFilter/6_workers#01-12      	       1	    497000 ns/op
BenchmarkFilter/6_workers#01-12      	       1	    498100 ns/op
BenchmarkFilter/6_workers#01-12      	       1	   1000700 ns/op
BenchmarkFilter/6_workers#01-12      	       1	    999400 ns/op
BenchmarkFilter/7_workers#01-12      	       1	    499800 ns/op
BenchmarkFilter/7_workers#01-12      	       1	    498000 ns/op
BenchmarkFilter/7_workers#01-12      	       1	    999700 ns/op
BenchmarkFilter/7_workers#01-12      	       1	   1502800 ns/op
BenchmarkFilter/7_workers#01-12      	       1	    493500 ns/op
BenchmarkFilter/8_workers#01-12      	       1	    500300 ns/op
BenchmarkFilter/8_workers#01-12      	       1	    499400 ns/op
BenchmarkFilter/8_workers#01-12      	       1	    501900 ns/op
BenchmarkFilter/8_workers#01-12      	       1	    504100 ns/op
BenchmarkFilter/8_workers#01-12      	       1	    994400 ns/op
BenchmarkFilter/9_workers#01-12      	       1	   1000100 ns/op
BenchmarkFilter/9_workers#01-12      	       1	   1003100 ns/op
BenchmarkFilter/9_workers#01-12      	       1	    499800 ns/op
BenchmarkFilter/9_workers#01-12      	       1	    500600 ns/op
BenchmarkFilter/9_workers#01-12      	       1	    504300 ns/op
BenchmarkFilter/10_workers#01-12     	       1	    501100 ns/op
BenchmarkFilter/10_workers#01-12     	       1	   1000400 ns/op
BenchmarkFilter/10_workers#01-12     	       1	    499300 ns/op
BenchmarkFilter/10_workers#01-12     	       1	    499500 ns/op
BenchmarkFilter/10_workers#01-12     	       1	    499800 ns/op
BenchmarkFilter/11_workers#01-12     	       1	   1000600 ns/op
BenchmarkFilter/11_workers#01-12     	       1	    499700 ns/op
BenchmarkFilter/11_workers#01-12     	       1	    999600 ns/op
BenchmarkFilter/11_workers#01-12     	       1	   1000000 ns/op
BenchmarkFilter/11_workers#01-12     	       1	    499500 ns/op
BenchmarkFilter/12_workers#01-12     	       1	    499400 ns/op
BenchmarkFilter/12_workers#01-12     	       1	   1001200 ns/op
BenchmarkFilter/12_workers#01-12     	       1	    501200 ns/op
BenchmarkFilter/12_workers#01-12     	       1	    499200 ns/op
BenchmarkFilter/12_workers#01-12     	       1	    504600 ns/op
BenchmarkFilter/13_workers#01-12     	       1	    498600 ns/op
BenchmarkFilter/13_workers#01-12     	       1	   1000100 ns/op
BenchmarkFilter/13_workers#01-12     	       1	   1000300 ns/op
BenchmarkFilter/13_workers#01-12     	       1	    499000 ns/op
BenchmarkFilter/13_workers#01-12     	       1	    500100 ns/op
BenchmarkFilter/14_workers#01-12     	       1	    500400 ns/op
BenchmarkFilter/14_workers#01-12     	       1	   1001200 ns/op
BenchmarkFilter/14_workers#01-12     	       1	    999200 ns/op
BenchmarkFilter/14_workers#01-12     	       1	    500400 ns/op
BenchmarkFilter/14_workers#01-12     	       1	    999200 ns/op
BenchmarkFilter/15_workers#01-12     	       1	    500500 ns/op
BenchmarkFilter/15_workers#01-12     	       1	    498300 ns/op
BenchmarkFilter/15_workers#01-12     	       1	    500400 ns/op
BenchmarkFilter/15_workers#01-12     	       1	    501800 ns/op
BenchmarkFilter/15_workers#01-12     	       1	    499200 ns/op
BenchmarkFilter/16_workers#01-12     	       1	    503600 ns/op
BenchmarkFilter/16_workers#01-12     	       1	    497100 ns/op
BenchmarkFilter/16_workers#01-12     	       1	   1000000 ns/op
BenchmarkFilter/16_workers#01-12     	       1	    999100 ns/op
BenchmarkFilter/16_workers#01-12     	       1	    498900 ns/op
BenchmarkFilter/1_workers#02-12      	       1	   1999900 ns/op
BenchmarkFilter/1_workers#02-12      	       1	   1499600 ns/op
BenchmarkFilter/1_workers#02-12      	       1	   1497000 ns/op
BenchmarkFilter/1_workers#02-12      	       1	   1499500 ns/op
BenchmarkFilter/1_workers#02-12      	       1	   1498700 ns/op
BenchmarkFilter/2_workers#02-12      	       1	   1999300 ns/op
BenchmarkFilter/2_workers#02-12      	       1	   1998700 ns/op
BenchmarkFilter/2_workers#02-12      	       1	   1998800 ns/op
BenchmarkFilter/2_workers#02-12      	       1	   2003400 ns/op
BenchmarkFilter/2_workers#02-12      	       1	   1997600 ns/op
BenchmarkFilter/3_workers#02-12      	       1	   2000200 ns/op
BenchmarkFilter/3_workers#02-12      	       1	   1499500 ns/op
BenchmarkFilter/3_workers#02-12      	       1	   1999500 ns/op
BenchmarkFilter/3_workers#02-12      	       1	   2002000 ns/op
BenchmarkFilter/3_workers#02-12      	       1	   2500200 ns/op
BenchmarkFilter/4_workers#02-12      	       1	   1999000 ns/op
BenchmarkFilter/4_workers#02-12      	       1	   1999100 ns/op
BenchmarkFilter/4_workers#02-12      	       1	   2500000 ns/op
BenchmarkFilter/4_workers#02-12      	       1	   2499300 ns/op
BenchmarkFilter/4_workers#02-12      	       1	   2000800 ns/op
BenchmarkFilter/5_workers#02-12      	       1	   1999600 ns/op
BenchmarkFilter/5_workers#02-12      	       1	   2499600 ns/op
BenchmarkFilter/5_workers#02-12      	       1	   1998700 ns/op
BenchmarkFilter/5_workers#02-12      	       1	   2000000 ns/op
BenchmarkFilter/5_workers#02-12      	       1	   1999800 ns/op
BenchmarkFilter/6_workers#02-12      	       1	   1999700 ns/op
BenchmarkFilter/6_workers#02-12      	       1	   1998600 ns/op
BenchmarkFilter/6_workers#02-12      	       1	   2499200 ns/op
BenchmarkFilter/6_workers#02-12      	       1	   1997200 ns/op
BenchmarkFilter/6_workers#02-12      	       1	   2499000 ns/op
BenchmarkFilter/7_workers#02-12      	       1	   2000200 ns/op
BenchmarkFilter/7_workers#02-12      	       1	   1999600 ns/op
BenchmarkFilter/7_workers#02-12      	       1	   2499100 ns/op
BenchmarkFilter/7_workers#02-12      	       1	   2000500 ns/op
BenchmarkFilter/7_workers#02-12      	       1	   1998400 ns/op
BenchmarkFilter/8_workers#02-12      	       1	   2496900 ns/op
BenchmarkFilter/8_workers#02-12      	       1	   1999600 ns/op
BenchmarkFilter/8_workers#02-12      	       1	   2000200 ns/op
BenchmarkFilter/8_workers#02-12      	       1	   2006200 ns/op
BenchmarkFilter/8_workers#02-12      	       1	   2004400 ns/op
BenchmarkFilter/9_workers#02-12      	       1	   2499400 ns/op
BenchmarkFilter/9_workers#02-12      	       1	   2000400 ns/op
BenchmarkFilter/9_workers#02-12      	       1	   2500200 ns/op
BenchmarkFilter/9_workers#02-12      	       1	   2413700 ns/op
BenchmarkFilter/9_workers#02-12      	       1	   2499300 ns/op
BenchmarkFilter/10_workers#02-12     	       1	   2499600 ns/op
BenchmarkFilter/10_workers#02-12     	       1	   1999900 ns/op
BenchmarkFilter/10_workers#02-12     	       1	   2497700 ns/op
BenchmarkFilter/10_workers#02-12     	       1	   2498700 ns/op
BenchmarkFilter/10_workers#02-12     	       1	   2999500 ns/op
BenchmarkFilter/11_workers#02-12     	       1	   2499000 ns/op
BenchmarkFilter/11_workers#02-12     	       1	   2499900 ns/op
BenchmarkFilter/11_workers#02-12     	       1	   2001200 ns/op
BenchmarkFilter/11_workers#02-12     	       1	   2999000 ns/op
BenchmarkFilter/11_workers#02-12     	       1	   2499700 ns/op
BenchmarkFilter/12_workers#02-12     	       1	   2500000 ns/op
BenchmarkFilter/12_workers#02-12     	       1	   2999700 ns/op
BenchmarkFilter/12_workers#02-12     	       1	   2499200 ns/op
BenchmarkFilter/12_workers#02-12     	       1	   2498200 ns/op
BenchmarkFilter/12_workers#02-12     	       1	   2498200 ns/op
BenchmarkFilter/13_workers#02-12     	       1	   2499000 ns/op
BenchmarkFilter/13_workers#02-12     	       1	   2998800 ns/op
BenchmarkFilter/13_workers#02-12     	       1	   2499100 ns/op
BenchmarkFilter/13_workers#02-12     	       1	   2501400 ns/op
BenchmarkFilter/13_workers#02-12     	       1	   2999400 ns/op
BenchmarkFilter/14_workers#02-12     	       1	   2998300 ns/op
BenchmarkFilter/14_workers#02-12     	       1	   2499100 ns/op
BenchmarkFilter/14_workers#02-12     	       1	   3000000 ns/op
BenchmarkFilter/14_workers#02-12     	       1	   2999900 ns/op
BenchmarkFilter/14_workers#02-12     	       1	   3001400 ns/op
BenchmarkFilter/15_workers#02-12     	       1	   2999500 ns/op
BenchmarkFilter/15_workers#02-12     	       1	   2996700 ns/op
BenchmarkFilter/15_workers#02-12     	       1	   2999900 ns/op
BenchmarkFilter/15_workers#02-12     	       1	   3500900 ns/op
BenchmarkFilter/15_workers#02-12     	       1	   2999300 ns/op
BenchmarkFilter/16_workers#02-12     	       1	   2998100 ns/op
BenchmarkFilter/16_workers#02-12     	       1	   2999400 ns/op
BenchmarkFilter/16_workers#02-12     	       1	   2998500 ns/op
BenchmarkFilter/16_workers#02-12     	       1	   2999200 ns/op
BenchmarkFilter/16_workers#02-12     	       1	   2998100 ns/op
BenchmarkFilter/1_workers#03-12      	       1	   5500300 ns/op
BenchmarkFilter/1_workers#03-12      	       1	   4998700 ns/op
BenchmarkFilter/1_workers#03-12      	       1	   4498600 ns/op
BenchmarkFilter/1_workers#03-12      	       1	   4997100 ns/op
BenchmarkFilter/1_workers#03-12      	       1	   5497600 ns/op
BenchmarkFilter/2_workers#03-12      	       1	   4501100 ns/op
BenchmarkFilter/2_workers#03-12      	       1	   4499900 ns/op
BenchmarkFilter/2_workers#03-12      	       1	   4493500 ns/op
BenchmarkFilter/2_workers#03-12      	       1	   4997500 ns/op
BenchmarkFilter/2_workers#03-12      	       1	   4999800 ns/op
BenchmarkFilter/3_workers#03-12      	       1	   4997900 ns/op
BenchmarkFilter/3_workers#03-12      	       1	   4907400 ns/op
BenchmarkFilter/3_workers#03-12      	       1	   4997600 ns/op
BenchmarkFilter/3_workers#03-12      	       1	   4499700 ns/op
BenchmarkFilter/3_workers#03-12      	       1	   5499400 ns/op
BenchmarkFilter/4_workers#03-12      	       1	   4502000 ns/op
BenchmarkFilter/4_workers#03-12      	       1	   5498600 ns/op
BenchmarkFilter/4_workers#03-12      	       1	   4499500 ns/op
BenchmarkFilter/4_workers#03-12      	       1	   4999500 ns/op
BenchmarkFilter/4_workers#03-12      	       1	   4998900 ns/op
BenchmarkFilter/5_workers#03-12      	       1	   4998900 ns/op
BenchmarkFilter/5_workers#03-12      	       1	   4501300 ns/op
BenchmarkFilter/5_workers#03-12      	       1	   4500900 ns/op
BenchmarkFilter/5_workers#03-12      	       1	   4997300 ns/op
BenchmarkFilter/5_workers#03-12      	       1	   4999600 ns/op
BenchmarkFilter/6_workers#03-12      	       1	   5001700 ns/op
BenchmarkFilter/6_workers#03-12      	       1	   3996900 ns/op
BenchmarkFilter/6_workers#03-12      	       1	   4499400 ns/op
BenchmarkFilter/6_workers#03-12      	       1	   5500700 ns/op
BenchmarkFilter/6_workers#03-12      	       1	   4998900 ns/op
BenchmarkFilter/7_workers#03-12      	       1	   4997300 ns/op
BenchmarkFilter/7_workers#03-12      	       1	   4489100 ns/op
BenchmarkFilter/7_workers#03-12      	       1	   5499300 ns/op
BenchmarkFilter/7_workers#03-12      	       1	   4503200 ns/op
BenchmarkFilter/7_workers#03-12      	       1	   4497900 ns/op
BenchmarkFilter/8_workers#03-12      	       1	   4499300 ns/op
BenchmarkFilter/8_workers#03-12      	       1	   4999700 ns/op
BenchmarkFilter/8_workers#03-12      	       1	   4999000 ns/op
BenchmarkFilter/8_workers#03-12      	       1	   4498400 ns/op
BenchmarkFilter/8_workers#03-12      	       1	   5497500 ns/op
BenchmarkFilter/9_workers#03-12      	       1	   5000000 ns/op
BenchmarkFilter/9_workers#03-12      	       1	   4499200 ns/op
BenchmarkFilter/9_workers#03-12      	       1	   4997900 ns/op
BenchmarkFilter/9_workers#03-12      	       1	   4497400 ns/op
BenchmarkFilter/9_workers#03-12      	       1	   4997700 ns/op
BenchmarkFilter/10_workers#03-12     	       1	   4998700 ns/op
BenchmarkFilter/10_workers#03-12     	       1	   4998500 ns/op
BenchmarkFilter/10_workers#03-12     	       1	   4995200 ns/op
BenchmarkFilter/10_workers#03-12     	       1	   4000900 ns/op
BenchmarkFilter/10_workers#03-12     	       1	   4499700 ns/op
BenchmarkFilter/11_workers#03-12     	       1	   4998900 ns/op
BenchmarkFilter/11_workers#03-12     	       1	   4999000 ns/op
BenchmarkFilter/11_workers#03-12     	       1	   4997200 ns/op
BenchmarkFilter/11_workers#03-12     	       1	   4999900 ns/op
BenchmarkFilter/11_workers#03-12     	       1	   4998400 ns/op
BenchmarkFilter/12_workers#03-12     	       1	   4999200 ns/op
BenchmarkFilter/12_workers#03-12     	       1	   4998000 ns/op
BenchmarkFilter/12_workers#03-12     	       1	   4998700 ns/op
BenchmarkFilter/12_workers#03-12     	       1	   4998600 ns/op
BenchmarkFilter/12_workers#03-12     	       1	   4999300 ns/op
BenchmarkFilter/13_workers#03-12     	       1	   4498200 ns/op
BenchmarkFilter/13_workers#03-12     	       1	   4999500 ns/op
BenchmarkFilter/13_workers#03-12     	       1	   4997400 ns/op
BenchmarkFilter/13_workers#03-12     	       1	   4499200 ns/op
BenchmarkFilter/13_workers#03-12     	       1	   4500600 ns/op
BenchmarkFilter/14_workers#03-12     	       1	   4501200 ns/op
BenchmarkFilter/14_workers#03-12     	       1	   4501500 ns/op
BenchmarkFilter/14_workers#03-12     	       1	   4998700 ns/op
BenchmarkFilter/14_workers#03-12     	       1	   4499900 ns/op
BenchmarkFilter/14_workers#03-12     	       1	   5498500 ns/op
BenchmarkFilter/15_workers#03-12     	       1	   4498900 ns/op
BenchmarkFilter/15_workers#03-12     	       1	   4998800 ns/op
BenchmarkFilter/15_workers#03-12     	       1	   4499000 ns/op
BenchmarkFilter/15_workers#03-12     	       1	   4499300 ns/op
BenchmarkFilter/15_workers#03-12     	       1	   4922900 ns/op
BenchmarkFilter/16_workers#03-12     	       1	   4498500 ns/op
BenchmarkFilter/16_workers#03-12     	       1	   5003200 ns/op
BenchmarkFilter/16_workers#03-12     	       1	   4999400 ns/op
BenchmarkFilter/16_workers#03-12     	       1	   5497600 ns/op
BenchmarkFilter/16_workers#03-12     	       1	   4500400 ns/op
BenchmarkFilter/1_workers#04-12      	       1	   5999800 ns/op
BenchmarkFilter/1_workers#04-12      	       1	   5999200 ns/op
BenchmarkFilter/1_workers#04-12      	       1	   6004100 ns/op
BenchmarkFilter/1_workers#04-12      	       1	   6002100 ns/op
BenchmarkFilter/1_workers#04-12      	       1	   5501500 ns/op
BenchmarkFilter/2_workers#04-12      	       1	   6498600 ns/op
BenchmarkFilter/2_workers#04-12      	       1	   5509600 ns/op
BenchmarkFilter/2_workers#04-12      	       1	   6497900 ns/op
BenchmarkFilter/2_workers#04-12      	       1	   5998400 ns/op
BenchmarkFilter/2_workers#04-12      	       1	   5997300 ns/op
BenchmarkFilter/3_workers#04-12      	       1	   5503800 ns/op
BenchmarkFilter/3_workers#04-12      	       1	   6001900 ns/op
BenchmarkFilter/3_workers#04-12      	       1	   6497800 ns/op
BenchmarkFilter/3_workers#04-12      	       1	   6500100 ns/op
BenchmarkFilter/3_workers#04-12      	       1	   6004900 ns/op
BenchmarkFilter/4_workers#04-12      	       1	   6499300 ns/op
BenchmarkFilter/4_workers#04-12      	       1	   5999400 ns/op
BenchmarkFilter/4_workers#04-12      	       1	   6000000 ns/op
BenchmarkFilter/4_workers#04-12      	       1	   5997300 ns/op
BenchmarkFilter/4_workers#04-12      	       1	   6499700 ns/op
BenchmarkFilter/5_workers#04-12      	       1	   7000000 ns/op
BenchmarkFilter/5_workers#04-12      	       1	   5999400 ns/op
BenchmarkFilter/5_workers#04-12      	       1	   5998200 ns/op
BenchmarkFilter/5_workers#04-12      	       1	   6500200 ns/op
BenchmarkFilter/5_workers#04-12      	       1	   6500200 ns/op
BenchmarkFilter/6_workers#04-12      	       1	   6500500 ns/op
BenchmarkFilter/6_workers#04-12      	       1	   5999000 ns/op
BenchmarkFilter/6_workers#04-12      	       1	   6000200 ns/op
BenchmarkFilter/6_workers#04-12      	       1	   7001200 ns/op
BenchmarkFilter/6_workers#04-12      	       1	   6501200 ns/op
BenchmarkFilter/7_workers#04-12      	       1	   6498300 ns/op
BenchmarkFilter/7_workers#04-12      	       1	   6499200 ns/op
BenchmarkFilter/7_workers#04-12      	       1	   6506600 ns/op
BenchmarkFilter/7_workers#04-12      	       1	   5987800 ns/op
BenchmarkFilter/7_workers#04-12      	       1	   5992900 ns/op
BenchmarkFilter/8_workers#04-12      	       1	   6499100 ns/op
BenchmarkFilter/8_workers#04-12      	       1	   6000600 ns/op
BenchmarkFilter/8_workers#04-12      	       1	   5998300 ns/op
BenchmarkFilter/8_workers#04-12      	       1	   5999600 ns/op
BenchmarkFilter/8_workers#04-12      	       1	   5998700 ns/op
BenchmarkFilter/9_workers#04-12      	       1	   6498900 ns/op
BenchmarkFilter/9_workers#04-12      	       1	   6498900 ns/op
BenchmarkFilter/9_workers#04-12      	       1	   5997500 ns/op
BenchmarkFilter/9_workers#04-12      	       1	   5997900 ns/op
BenchmarkFilter/9_workers#04-12      	       1	   6499200 ns/op
BenchmarkFilter/10_workers#04-12     	       1	   5501100 ns/op
BenchmarkFilter/10_workers#04-12     	       1	   5999600 ns/op
BenchmarkFilter/10_workers#04-12     	       1	   5999600 ns/op
BenchmarkFilter/10_workers#04-12     	       1	   7000200 ns/op
BenchmarkFilter/10_workers#04-12     	       1	   6498600 ns/op
BenchmarkFilter/11_workers#04-12     	       1	   5982000 ns/op
BenchmarkFilter/11_workers#04-12     	       1	   5499500 ns/op
BenchmarkFilter/11_workers#04-12     	       1	   5499200 ns/op
BenchmarkFilter/11_workers#04-12     	       1	   5999800 ns/op
BenchmarkFilter/11_workers#04-12     	       1	   6001500 ns/op
BenchmarkFilter/12_workers#04-12     	       1	   5994500 ns/op
BenchmarkFilter/12_workers#04-12     	       1	   5993700 ns/op
BenchmarkFilter/12_workers#04-12     	       1	   6000800 ns/op
BenchmarkFilter/12_workers#04-12     	       1	   6002100 ns/op
BenchmarkFilter/12_workers#04-12     	       1	   6499700 ns/op
BenchmarkFilter/13_workers#04-12     	       1	   6499200 ns/op
BenchmarkFilter/13_workers#04-12     	       1	   5498600 ns/op
BenchmarkFilter/13_workers#04-12     	       1	   6497200 ns/op
BenchmarkFilter/13_workers#04-12     	       1	   6499400 ns/op
BenchmarkFilter/13_workers#04-12     	       1	   6497400 ns/op
BenchmarkFilter/14_workers#04-12     	       1	   6512200 ns/op
BenchmarkFilter/14_workers#04-12     	       1	   6991800 ns/op
BenchmarkFilter/14_workers#04-12     	       1	   5497600 ns/op
BenchmarkFilter/14_workers#04-12     	       1	   6498400 ns/op
BenchmarkFilter/14_workers#04-12     	       1	   6502000 ns/op
BenchmarkFilter/15_workers#04-12     	       1	   6499700 ns/op
BenchmarkFilter/15_workers#04-12     	       1	   6003700 ns/op
BenchmarkFilter/15_workers#04-12     	       1	   6000100 ns/op
BenchmarkFilter/15_workers#04-12     	       1	   6496600 ns/op
BenchmarkFilter/15_workers#04-12     	       1	   5494200 ns/op
BenchmarkFilter/16_workers#04-12     	       1	   6500700 ns/op
BenchmarkFilter/16_workers#04-12     	       1	   5998100 ns/op
BenchmarkFilter/16_workers#04-12     	       1	   6498200 ns/op
BenchmarkFilter/16_workers#04-12     	       1	   6499100 ns/op
BenchmarkFilter/16_workers#04-12     	       1	   6000000 ns/op
BenchmarkFilter/1_workers#05-12      	       1	  22498300 ns/op
BenchmarkFilter/1_workers#05-12      	       1	  25000100 ns/op
BenchmarkFilter/1_workers#05-12      	       1	  21474400 ns/op
BenchmarkFilter/1_workers#05-12      	       1	  22998500 ns/op
BenchmarkFilter/1_workers#05-12      	       1	  22001900 ns/op
BenchmarkFilter/2_workers#05-12      	       1	  17998800 ns/op
BenchmarkFilter/2_workers#05-12      	       1	  18998900 ns/op
BenchmarkFilter/2_workers#05-12      	       1	  19999200 ns/op
BenchmarkFilter/2_workers#05-12      	       1	  20499500 ns/op
BenchmarkFilter/2_workers#05-12      	       1	  18001700 ns/op
BenchmarkFilter/3_workers#05-12      	       1	  17999000 ns/op
BenchmarkFilter/3_workers#05-12      	       1	  17000300 ns/op
BenchmarkFilter/3_workers#05-12      	       1	  18497900 ns/op
BenchmarkFilter/3_workers#05-12      	       1	  18499700 ns/op
BenchmarkFilter/3_workers#05-12      	       1	  18499600 ns/op
BenchmarkFilter/4_workers#05-12      	       1	  16998100 ns/op
BenchmarkFilter/4_workers#05-12      	       1	  17500100 ns/op
BenchmarkFilter/4_workers#05-12      	       1	  17499600 ns/op
BenchmarkFilter/4_workers#05-12      	       1	  16999600 ns/op
BenchmarkFilter/4_workers#05-12      	       1	  15996900 ns/op
BenchmarkFilter/5_workers#05-12      	       1	  16499500 ns/op
BenchmarkFilter/5_workers#05-12      	       1	  16500700 ns/op
BenchmarkFilter/5_workers#05-12      	       1	  16501900 ns/op
BenchmarkFilter/5_workers#05-12      	       1	  16500500 ns/op
BenchmarkFilter/5_workers#05-12      	       1	  16000400 ns/op
BenchmarkFilter/6_workers#05-12      	       1	  17998500 ns/op
BenchmarkFilter/6_workers#05-12      	       1	  16999400 ns/op
BenchmarkFilter/6_workers#05-12      	       1	  16999600 ns/op
BenchmarkFilter/6_workers#05-12      	       1	  16500100 ns/op
BenchmarkFilter/6_workers#05-12      	       1	  16999800 ns/op
BenchmarkFilter/7_workers#05-12      	       1	  17001200 ns/op
BenchmarkFilter/7_workers#05-12      	       1	  16000500 ns/op
BenchmarkFilter/7_workers#05-12      	       1	  17000200 ns/op
BenchmarkFilter/7_workers#05-12      	       1	  15997500 ns/op
BenchmarkFilter/7_workers#05-12      	       1	  16998200 ns/op
BenchmarkFilter/8_workers#05-12      	       1	  16998200 ns/op
BenchmarkFilter/8_workers#05-12      	       1	  16499500 ns/op
BenchmarkFilter/8_workers#05-12      	       1	  16998400 ns/op
BenchmarkFilter/8_workers#05-12      	       1	  16498400 ns/op
BenchmarkFilter/8_workers#05-12      	       1	  15997300 ns/op
BenchmarkFilter/9_workers#05-12      	       1	  16998400 ns/op
BenchmarkFilter/9_workers#05-12      	       1	  16999900 ns/op
BenchmarkFilter/9_workers#05-12      	       1	  16499700 ns/op
BenchmarkFilter/9_workers#05-12      	       1	  16998700 ns/op
BenchmarkFilter/9_workers#05-12      	       1	  15992900 ns/op
BenchmarkFilter/10_workers#05-12     	       1	  17499900 ns/op
BenchmarkFilter/10_workers#05-12     	       1	  17000700 ns/op
BenchmarkFilter/10_workers#05-12     	       1	  17999100 ns/op
BenchmarkFilter/10_workers#05-12     	       1	  17000400 ns/op
BenchmarkFilter/10_workers#05-12     	       1	  17000000 ns/op
BenchmarkFilter/11_workers#05-12     	       1	  16999100 ns/op
BenchmarkFilter/11_workers#05-12     	       1	  16500100 ns/op
BenchmarkFilter/11_workers#05-12     	       1	  16991800 ns/op
BenchmarkFilter/11_workers#05-12     	       1	  16500400 ns/op
BenchmarkFilter/11_workers#05-12     	       1	  17497900 ns/op
BenchmarkFilter/12_workers#05-12     	       1	  16498700 ns/op
BenchmarkFilter/12_workers#05-12     	       1	  16498500 ns/op
BenchmarkFilter/12_workers#05-12     	       1	  16497700 ns/op
BenchmarkFilter/12_workers#05-12     	       1	  17004200 ns/op
BenchmarkFilter/12_workers#05-12     	       1	  16998800 ns/op
BenchmarkFilter/13_workers#05-12     	       1	  16498900 ns/op
BenchmarkFilter/13_workers#05-12     	       1	  15999200 ns/op
BenchmarkFilter/13_workers#05-12     	       1	  15503500 ns/op
BenchmarkFilter/13_workers#05-12     	       1	  15999200 ns/op
BenchmarkFilter/13_workers#05-12     	       1	  16999700 ns/op
BenchmarkFilter/14_workers#05-12     	       1	  17500000 ns/op
BenchmarkFilter/14_workers#05-12     	       1	  16982400 ns/op
BenchmarkFilter/14_workers#05-12     	       1	  17500200 ns/op
BenchmarkFilter/14_workers#05-12     	       1	  16999800 ns/op
BenchmarkFilter/14_workers#05-12     	       1	  16499400 ns/op
BenchmarkFilter/15_workers#05-12     	       1	  16998100 ns/op
BenchmarkFilter/15_workers#05-12     	       1	  16500400 ns/op
BenchmarkFilter/15_workers#05-12     	       1	  17000300 ns/op
BenchmarkFilter/15_workers#05-12     	       1	  17500200 ns/op
BenchmarkFilter/15_workers#05-12     	       1	  16498500 ns/op
BenchmarkFilter/16_workers#05-12     	       1	  16997600 ns/op
BenchmarkFilter/16_workers#05-12     	       1	  17000300 ns/op
BenchmarkFilter/16_workers#05-12     	       1	  15998500 ns/op
BenchmarkFilter/16_workers#05-12     	       1	  16999300 ns/op
BenchmarkFilter/16_workers#05-12     	       1	  15997700 ns/op
BenchmarkFilter/1_workers#06-12      	       1	 162500500 ns/op
BenchmarkFilter/1_workers#06-12      	       1	 162501100 ns/op
BenchmarkFilter/1_workers#06-12      	       1	 164997600 ns/op
BenchmarkFilter/1_workers#06-12      	       1	 167499700 ns/op
BenchmarkFilter/1_workers#06-12      	       1	 161500600 ns/op
BenchmarkFilter/2_workers#06-12      	       1	 168999900 ns/op
BenchmarkFilter/2_workers#06-12      	       1	 161998300 ns/op
BenchmarkFilter/2_workers#06-12      	       1	 162496100 ns/op
BenchmarkFilter/2_workers#06-12      	       1	 166498400 ns/op
BenchmarkFilter/2_workers#06-12      	       1	 171500600 ns/op
BenchmarkFilter/3_workers#06-12      	       1	 169500500 ns/op
BenchmarkFilter/3_workers#06-12      	       1	 166497100 ns/op
BenchmarkFilter/3_workers#06-12      	       1	 166997000 ns/op
BenchmarkFilter/3_workers#06-12      	       1	 158998700 ns/op
BenchmarkFilter/3_workers#06-12      	       1	 169499700 ns/op
BenchmarkFilter/4_workers#06-12      	       1	 158463600 ns/op
BenchmarkFilter/4_workers#06-12      	       1	 169998600 ns/op
BenchmarkFilter/4_workers#06-12      	       1	 167501000 ns/op
BenchmarkFilter/4_workers#06-12      	       1	 165998200 ns/op
BenchmarkFilter/4_workers#06-12      	       1	 152499500 ns/op
BenchmarkFilter/5_workers#06-12      	       1	 167499300 ns/op
BenchmarkFilter/5_workers#06-12      	       1	 160000000 ns/op
BenchmarkFilter/5_workers#06-12      	       1	 176000300 ns/op
BenchmarkFilter/5_workers#06-12      	       1	 160499500 ns/op
BenchmarkFilter/5_workers#06-12      	       1	 188998300 ns/op
BenchmarkFilter/6_workers#06-12      	       1	 164499600 ns/op
BenchmarkFilter/6_workers#06-12      	       1	 170496300 ns/op
BenchmarkFilter/6_workers#06-12      	       1	 163998900 ns/op
BenchmarkFilter/6_workers#06-12      	       1	 164499200 ns/op
BenchmarkFilter/6_workers#06-12      	       1	 159498500 ns/op
BenchmarkFilter/7_workers#06-12      	       1	 163998500 ns/op
BenchmarkFilter/7_workers#06-12      	       1	 158003100 ns/op
BenchmarkFilter/7_workers#06-12      	       1	 171001100 ns/op
BenchmarkFilter/7_workers#06-12      	       1	 162492700 ns/op
BenchmarkFilter/7_workers#06-12      	       1	 153001000 ns/op
BenchmarkFilter/8_workers#06-12      	       1	 154500000 ns/op
BenchmarkFilter/8_workers#06-12      	       1	 165499700 ns/op
BenchmarkFilter/8_workers#06-12      	       1	 154998000 ns/op
BenchmarkFilter/8_workers#06-12      	       1	 165999500 ns/op
BenchmarkFilter/8_workers#06-12      	       1	 157995600 ns/op
BenchmarkFilter/9_workers#06-12      	       1	 167498300 ns/op
BenchmarkFilter/9_workers#06-12      	       1	 152498100 ns/op
BenchmarkFilter/9_workers#06-12      	       1	 167999800 ns/op
BenchmarkFilter/9_workers#06-12      	       1	 164501700 ns/op
BenchmarkFilter/9_workers#06-12      	       1	 157500200 ns/op
BenchmarkFilter/10_workers#06-12     	       1	 161498000 ns/op
BenchmarkFilter/10_workers#06-12     	       1	 163500400 ns/op
BenchmarkFilter/10_workers#06-12     	       1	 154002700 ns/op
BenchmarkFilter/10_workers#06-12     	       1	 168992600 ns/op
BenchmarkFilter/10_workers#06-12     	       1	 164501400 ns/op
BenchmarkFilter/11_workers#06-12     	       1	 166500700 ns/op
BenchmarkFilter/11_workers#06-12     	       1	 156000700 ns/op
BenchmarkFilter/11_workers#06-12     	       1	 166999700 ns/op
BenchmarkFilter/11_workers#06-12     	       1	 162992800 ns/op
BenchmarkFilter/11_workers#06-12     	       1	 159999900 ns/op
BenchmarkFilter/12_workers#06-12     	       1	 164500000 ns/op
BenchmarkFilter/12_workers#06-12     	       1	 164000100 ns/op
BenchmarkFilter/12_workers#06-12     	       1	 163998400 ns/op
BenchmarkFilter/12_workers#06-12     	       1	 179364600 ns/op
BenchmarkFilter/12_workers#06-12     	       1	 164503600 ns/op
BenchmarkFilter/13_workers#06-12     	       1	 161998900 ns/op
BenchmarkFilter/13_workers#06-12     	       1	 172498700 ns/op
BenchmarkFilter/13_workers#06-12     	       1	 166497900 ns/op
BenchmarkFilter/13_workers#06-12     	       1	 156499700 ns/op
BenchmarkFilter/13_workers#06-12     	       1	 158499300 ns/op
BenchmarkFilter/14_workers#06-12     	       1	 162498300 ns/op
BenchmarkFilter/14_workers#06-12     	       1	 165498000 ns/op
BenchmarkFilter/14_workers#06-12     	       1	 164499900 ns/op
BenchmarkFilter/14_workers#06-12     	       1	 174999300 ns/op
BenchmarkFilter/14_workers#06-12     	       1	 165500300 ns/op
BenchmarkFilter/15_workers#06-12     	       1	 155499500 ns/op
BenchmarkFilter/15_workers#06-12     	       1	 162499900 ns/op
BenchmarkFilter/15_workers#06-12     	       1	 158000400 ns/op
BenchmarkFilter/15_workers#06-12     	       1	 161998400 ns/op
BenchmarkFilter/15_workers#06-12     	       1	 162000200 ns/op
BenchmarkFilter/16_workers#06-12     	       1	 162001600 ns/op
BenchmarkFilter/16_workers#06-12     	       1	 172999800 ns/op
BenchmarkFilter/16_workers#06-12     	       1	 165999300 ns/op
BenchmarkFilter/16_workers#06-12     	       1	 170001000 ns/op
BenchmarkFilter/16_workers#06-12     	       1	 166999300 ns/op
BenchmarkFilter/1_workers#07-12      	       1	 177498900 ns/op
BenchmarkFilter/1_workers#07-12      	       1	 173999500 ns/op
BenchmarkFilter/1_workers#07-12      	       1	 175998700 ns/op
BenchmarkFilter/1_workers#07-12      	       1	 192998800 ns/op
BenchmarkFilter/1_workers#07-12      	       1	 180499100 ns/op
BenchmarkFilter/2_workers#07-12      	       1	 165999700 ns/op
BenchmarkFilter/2_workers#07-12      	       1	 185999800 ns/op
BenchmarkFilter/2_workers#07-12      	       1	 162000500 ns/op
BenchmarkFilter/2_workers#07-12      	       1	 179997500 ns/op
BenchmarkFilter/2_workers#07-12      	       1	 168498200 ns/op
BenchmarkFilter/3_workers#07-12      	       1	 177456300 ns/op
BenchmarkFilter/3_workers#07-12      	       1	 159499000 ns/op
BenchmarkFilter/3_workers#07-12      	       1	 178994000 ns/op
BenchmarkFilter/3_workers#07-12      	       1	 174501000 ns/op
BenchmarkFilter/3_workers#07-12      	       1	 179499700 ns/op
BenchmarkFilter/4_workers#07-12      	       1	 168497500 ns/op
BenchmarkFilter/4_workers#07-12      	       1	 161997600 ns/op
BenchmarkFilter/4_workers#07-12      	       1	 167500100 ns/op
BenchmarkFilter/4_workers#07-12      	       1	 175502300 ns/op
BenchmarkFilter/4_workers#07-12      	       1	 171999100 ns/op
BenchmarkFilter/5_workers#07-12      	       1	 172000400 ns/op
BenchmarkFilter/5_workers#07-12      	       1	 167998300 ns/op
BenchmarkFilter/5_workers#07-12      	       1	 164999500 ns/op
BenchmarkFilter/5_workers#07-12      	       1	 173500200 ns/op
BenchmarkFilter/5_workers#07-12      	       1	 169496700 ns/op
BenchmarkFilter/6_workers#07-12      	       1	 165001100 ns/op
BenchmarkFilter/6_workers#07-12      	       1	 178998600 ns/op
BenchmarkFilter/6_workers#07-12      	       1	 172999500 ns/op
BenchmarkFilter/6_workers#07-12      	       1	 171500500 ns/op
BenchmarkFilter/6_workers#07-12      	       1	 168497000 ns/op
BenchmarkFilter/7_workers#07-12      	       1	 168999100 ns/op
BenchmarkFilter/7_workers#07-12      	       1	 162995500 ns/op
BenchmarkFilter/7_workers#07-12      	       1	 165999200 ns/op
BenchmarkFilter/7_workers#07-12      	       1	 177499100 ns/op
BenchmarkFilter/7_workers#07-12      	       1	 171999600 ns/op
BenchmarkFilter/8_workers#07-12      	       1	 176498500 ns/op
BenchmarkFilter/8_workers#07-12      	       1	 162999500 ns/op
BenchmarkFilter/8_workers#07-12      	       1	 181998800 ns/op
BenchmarkFilter/8_workers#07-12      	       1	 176498500 ns/op
BenchmarkFilter/8_workers#07-12      	       1	 169500600 ns/op
BenchmarkFilter/9_workers#07-12      	       1	 157499600 ns/op
BenchmarkFilter/9_workers#07-12      	       1	 167998400 ns/op
BenchmarkFilter/9_workers#07-12      	       1	 163500200 ns/op
BenchmarkFilter/9_workers#07-12      	       1	 171501100 ns/op
BenchmarkFilter/9_workers#07-12      	       1	 172499800 ns/op
BenchmarkFilter/10_workers#07-12     	       1	 172999000 ns/op
BenchmarkFilter/10_workers#07-12     	       1	 165498600 ns/op
BenchmarkFilter/10_workers#07-12     	       1	 165997100 ns/op
BenchmarkFilter/10_workers#07-12     	       1	 177499300 ns/op
BenchmarkFilter/10_workers#07-12     	       1	 168498300 ns/op
BenchmarkFilter/11_workers#07-12     	       1	 170496900 ns/op
BenchmarkFilter/11_workers#07-12     	       1	 170499400 ns/op
BenchmarkFilter/11_workers#07-12     	       1	 181500100 ns/op
BenchmarkFilter/11_workers#07-12     	       1	 176501100 ns/op
BenchmarkFilter/11_workers#07-12     	       1	 176498700 ns/op
BenchmarkFilter/12_workers#07-12     	       1	 177994400 ns/op
BenchmarkFilter/12_workers#07-12     	       1	 175501400 ns/op
BenchmarkFilter/12_workers#07-12     	       1	 175499600 ns/op
BenchmarkFilter/12_workers#07-12     	       1	 177998400 ns/op
BenchmarkFilter/12_workers#07-12     	       1	 174498100 ns/op
BenchmarkFilter/13_workers#07-12     	       1	 167993300 ns/op
BenchmarkFilter/13_workers#07-12     	       1	 166001200 ns/op
BenchmarkFilter/13_workers#07-12     	       1	 167000000 ns/op
BenchmarkFilter/13_workers#07-12     	       1	 161999500 ns/op
BenchmarkFilter/13_workers#07-12     	       1	 166497400 ns/op
BenchmarkFilter/14_workers#07-12     	       1	 163000400 ns/op
BenchmarkFilter/14_workers#07-12     	       1	 165499400 ns/op
BenchmarkFilter/14_workers#07-12     	       1	 165498000 ns/op
BenchmarkFilter/14_workers#07-12     	       1	 169001700 ns/op
BenchmarkFilter/14_workers#07-12     	       1	 166496700 ns/op
BenchmarkFilter/15_workers#07-12     	       1	 169499500 ns/op
BenchmarkFilter/15_workers#07-12     	       1	 180001100 ns/op
BenchmarkFilter/15_workers#07-12     	       1	 171999800 ns/op
BenchmarkFilter/15_workers#07-12     	       1	 173001300 ns/op
BenchmarkFilter/15_workers#07-12     	       1	 167501300 ns/op
BenchmarkFilter/16_workers#07-12     	       1	 172001600 ns/op
BenchmarkFilter/16_workers#07-12     	       1	 178996900 ns/op
BenchmarkFilter/16_workers#07-12     	       1	 173999700 ns/op
BenchmarkFilter/16_workers#07-12     	       1	 169500100 ns/op
BenchmarkFilter/16_workers#07-12     	       1	 170499300 ns/op
BenchmarkFilter/1_workers#08-12      	       1	1052498100 ns/op
BenchmarkFilter/1_workers#08-12      	       1	1012500600 ns/op
BenchmarkFilter/1_workers#08-12      	       1	1007499600 ns/op
BenchmarkFilter/1_workers#08-12      	       1	1040499200 ns/op
BenchmarkFilter/1_workers#08-12      	       1	1035499600 ns/op
BenchmarkFilter/2_workers#08-12      	       1	 675000100 ns/op
BenchmarkFilter/2_workers#08-12      	       1	 675000800 ns/op
BenchmarkFilter/2_workers#08-12      	       1	 685998300 ns/op
BenchmarkFilter/2_workers#08-12      	       1	 684498500 ns/op
BenchmarkFilter/2_workers#08-12      	       1	 695998300 ns/op
BenchmarkFilter/3_workers#08-12      	       1	 580499200 ns/op
BenchmarkFilter/3_workers#08-12      	       1	 568000200 ns/op
BenchmarkFilter/3_workers#08-12      	       1	 564500900 ns/op
BenchmarkFilter/3_workers#08-12      	       1	 559000600 ns/op
BenchmarkFilter/3_workers#08-12      	       1	 571999800 ns/op
BenchmarkFilter/4_workers#08-12      	       1	 547998100 ns/op
BenchmarkFilter/4_workers#08-12      	       1	 530499700 ns/op
BenchmarkFilter/4_workers#08-12      	       1	 516499600 ns/op
BenchmarkFilter/4_workers#08-12      	       1	 540999300 ns/op
BenchmarkFilter/4_workers#08-12      	       1	 532500300 ns/op
BenchmarkFilter/5_workers#08-12      	       1	 496500500 ns/op
BenchmarkFilter/5_workers#08-12      	       1	 509498900 ns/op
BenchmarkFilter/5_workers#08-12      	       1	 497492000 ns/op
BenchmarkFilter/5_workers#08-12      	       1	 497501700 ns/op
BenchmarkFilter/5_workers#08-12      	       1	 505500700 ns/op
BenchmarkFilter/6_workers#08-12      	       1	 500999100 ns/op
BenchmarkFilter/6_workers#08-12      	       1	 476500300 ns/op
BenchmarkFilter/6_workers#08-12      	       1	 477500500 ns/op
BenchmarkFilter/6_workers#08-12      	       1	 488999000 ns/op
BenchmarkFilter/6_workers#08-12      	       1	 498998700 ns/op
BenchmarkFilter/7_workers#08-12      	       1	 480500200 ns/op
BenchmarkFilter/7_workers#08-12      	       1	 481999800 ns/op
BenchmarkFilter/7_workers#08-12      	       1	 492000100 ns/op
BenchmarkFilter/7_workers#08-12      	       1	 485497900 ns/op
BenchmarkFilter/7_workers#08-12      	       1	 479500100 ns/op
BenchmarkFilter/8_workers#08-12      	       1	 490499000 ns/op
BenchmarkFilter/8_workers#08-12      	       1	 502500100 ns/op
BenchmarkFilter/8_workers#08-12      	       1	 477497000 ns/op
BenchmarkFilter/8_workers#08-12      	       1	 481500600 ns/op
BenchmarkFilter/8_workers#08-12      	       1	 492000400 ns/op
BenchmarkFilter/9_workers#08-12      	       1	 485499300 ns/op
BenchmarkFilter/9_workers#08-12      	       1	 465498600 ns/op
BenchmarkFilter/9_workers#08-12      	       1	 482997700 ns/op
BenchmarkFilter/9_workers#08-12      	       1	 476998600 ns/op
BenchmarkFilter/9_workers#08-12      	       1	 480498800 ns/op
BenchmarkFilter/10_workers#08-12     	       1	 470000600 ns/op
BenchmarkFilter/10_workers#08-12     	       1	 466993100 ns/op
BenchmarkFilter/10_workers#08-12     	       1	 495999100 ns/op
BenchmarkFilter/10_workers#08-12     	       1	 467999600 ns/op
BenchmarkFilter/10_workers#08-12     	       1	 468999900 ns/op
BenchmarkFilter/11_workers#08-12     	       1	 453999500 ns/op
BenchmarkFilter/11_workers#08-12     	       1	 454999200 ns/op
BenchmarkFilter/11_workers#08-12     	       1	 455498800 ns/op
BenchmarkFilter/11_workers#08-12     	       1	 477498900 ns/op
BenchmarkFilter/11_workers#08-12     	       1	 462997500 ns/op
BenchmarkFilter/12_workers#08-12     	       1	 458500800 ns/op
BenchmarkFilter/12_workers#08-12     	       1	 463000200 ns/op
BenchmarkFilter/12_workers#08-12     	       1	 456000000 ns/op
BenchmarkFilter/12_workers#08-12     	       1	 457501600 ns/op
BenchmarkFilter/12_workers#08-12     	       1	 485995100 ns/op
BenchmarkFilter/13_workers#08-12     	       1	 456500500 ns/op
BenchmarkFilter/13_workers#08-12     	       1	 453477700 ns/op
BenchmarkFilter/13_workers#08-12     	       1	 455999000 ns/op
BenchmarkFilter/13_workers#08-12     	       1	 464500900 ns/op
BenchmarkFilter/13_workers#08-12     	       1	 456998300 ns/op
BenchmarkFilter/14_workers#08-12     	       1	 460498400 ns/op
BenchmarkFilter/14_workers#08-12     	       1	 457999600 ns/op
BenchmarkFilter/14_workers#08-12     	       1	 461498600 ns/op
BenchmarkFilter/14_workers#08-12     	       1	 461999700 ns/op
BenchmarkFilter/14_workers#08-12     	       1	 462498700 ns/op
BenchmarkFilter/15_workers#08-12     	       1	 469998800 ns/op
BenchmarkFilter/15_workers#08-12     	       1	 467499600 ns/op
BenchmarkFilter/15_workers#08-12     	       1	 459994300 ns/op
BenchmarkFilter/15_workers#08-12     	       1	 450000300 ns/op
BenchmarkFilter/15_workers#08-12     	       1	 454497200 ns/op
BenchmarkFilter/16_workers#08-12     	       1	 440002100 ns/op
BenchmarkFilter/16_workers#08-12     	       1	 452979200 ns/op
BenchmarkFilter/16_workers#08-12     	       1	 449498500 ns/op
BenchmarkFilter/16_workers#08-12     	       1	 446000100 ns/op
BenchmarkFilter/16_workers#08-12     	       1	 458997600 ns/op
PASS
ok  	uk.ac.bris.cs/gameoflife	492.625s
